Using pre-set license
Built from '2021.3/staging' branch; Version is '2021.3.8f1 (b30333d56e81) revision 11731763'; Using compiler version '192829333'; Build Type 'Release'
OS: 'Windows 10  (10.0.19043) 64bit Professional' Language: 'ko' Physical Memory: 15724 MB
BatchMode: 1, IsHumanControllingUs: 0, StartBugReporterOnCrash: 0, Is64bit: 1, IsPro: 1

COMMAND LINE ARGUMENTS:
C:\Program Files\2021.3.8f1\Editor\Unity.exe
-adb2
-batchMode
-noUpm
-name
AssetImportWorker1
-projectPath
C:/Users/ths27/RiderProjects/DashToGoal
-logFile
Logs/AssetImportWorker1.log
-srvPort
54452
Successfully changed project path to: C:/Users/ths27/RiderProjects/DashToGoal
C:/Users/ths27/RiderProjects/DashToGoal
[UnityMemory] Configuration Parameters - Can be set up in boot.config
    "memorysetup-bucket-allocator-granularity=16"
    "memorysetup-bucket-allocator-bucket-count=8"
    "memorysetup-bucket-allocator-block-size=33554432"
    "memorysetup-bucket-allocator-block-count=8"
    "memorysetup-main-allocator-block-size=16777216"
    "memorysetup-thread-allocator-block-size=16777216"
    "memorysetup-gfx-main-allocator-block-size=16777216"
    "memorysetup-gfx-thread-allocator-block-size=16777216"
    "memorysetup-cache-allocator-block-size=4194304"
    "memorysetup-typetree-allocator-block-size=2097152"
    "memorysetup-profiler-bucket-allocator-granularity=16"
    "memorysetup-profiler-bucket-allocator-bucket-count=8"
    "memorysetup-profiler-bucket-allocator-block-size=33554432"
    "memorysetup-profiler-bucket-allocator-block-count=8"
    "memorysetup-profiler-allocator-block-size=16777216"
    "memorysetup-profiler-editor-allocator-block-size=1048576"
    "memorysetup-temp-allocator-size-main=16777216"
    "memorysetup-job-temp-allocator-block-size=2097152"
    "memorysetup-job-temp-allocator-block-size-background=1048576"
    "memorysetup-job-temp-allocator-reduction-small-platforms=262144"
    "memorysetup-temp-allocator-size-background-worker=32768"
    "memorysetup-temp-allocator-size-job-worker=262144"
    "memorysetup-temp-allocator-size-preload-manager=33554432"
    "memorysetup-temp-allocator-size-nav-mesh-worker=65536"
    "memorysetup-temp-allocator-size-audio-worker=65536"
    "memorysetup-temp-allocator-size-cloud-worker=32768"
    "memorysetup-temp-allocator-size-gi-baking-worker=262144"
    "memorysetup-temp-allocator-size-gfx=262144"
Refreshing native plugins compatible for Editor in 82.57 ms, found 4 plugins.
Preloading 0 native plugins for Editor in 0.00 ms.
Initialize engine version: 2021.3.8f1 (b30333d56e81)
[Subsystems] Discovering subsystems at path C:/Program Files/2021.3.8f1/Editor/Data/Resources/UnitySubsystems
[Subsystems] Discovering subsystems at path C:/Users/ths27/RiderProjects/DashToGoal/Assets
GfxDevice: creating device client; threaded=0; jobified=0
Direct3D:
    Version:  Direct3D 11.0 [level 11.1]
    Renderer: NVIDIA GeForce RTX 3070 Laptop GPU (ID=0x249d)
    Vendor:   NVIDIA
    VRAM:     8044 MB
    Driver:   30.0.15.1274
Initialize mono
Mono path[0] = 'C:/Program Files/2021.3.8f1/Editor/Data/Managed'
Mono path[1] = 'C:/Program Files/2021.3.8f1/Editor/Data/MonoBleedingEdge/lib/mono/unityjit-win32'
Mono config path = 'C:/Program Files/2021.3.8f1/Editor/Data/MonoBleedingEdge/etc'
Using monoOptions --debugger-agent=transport=dt_socket,embedding=1,server=y,suspend=n,address=127.0.0.1:56208
Begin MonoManager ReloadAssembly
Registering precompiled unity dll's ...
Register platform support module: C:/Program Files/2021.3.8f1/Editor/Data/PlaybackEngines/AndroidPlayer/UnityEditor.Android.Extensions.dll
Register platform support module: C:/Program Files/2021.3.8f1/Editor/Data/PlaybackEngines/iOSSupport/UnityEditor.iOS.Extensions.dll
Register platform support module: C:/Program Files/2021.3.8f1/Editor/Data/PlaybackEngines/WindowsStandaloneSupport/UnityEditor.WindowsStandalone.Extensions.dll
Registered in 0.007857 seconds.
Native extension for WindowsStandalone target not found
[usbmuxd] Start listen thread
[usbmuxd] Listen thread started
Native extension for iOS target not found
Native extension for Android target not found
Refreshing native plugins compatible for Editor in 77.73 ms, found 4 plugins.
Preloading 0 native plugins for Editor in 0.00 ms.
Mono: successfully reloaded assembly
- Completed reload, in  0.591 seconds
Domain Reload Profiling:
	ReloadAssembly (592ms)
		BeginReloadAssembly (76ms)
			ExecutionOrderSort (0ms)
			DisableScriptedObjects (0ms)
			BackupInstance (0ms)
			ReleaseScriptingObjects (0ms)
			CreateAndSetChildDomain (1ms)
		EndReloadAssembly (413ms)
			LoadAssemblies (73ms)
			RebuildTransferFunctionScriptingTraits (0ms)
			SetupTypeCache (88ms)
			ReleaseScriptCaches (0ms)
			RebuildScriptCaches (21ms)
			SetupLoadedEditorAssemblies (257ms)
				LogAssemblyErrors (0ms)
				InitializePlatformSupportModulesInManaged (56ms)
				SetLoadedEditorAssemblies (0ms)
				RefreshPlugins (78ms)
				BeforeProcessingInitializeOnLoad (1ms)
				ProcessInitializeOnLoadAttributes (79ms)
				ProcessInitializeOnLoadMethodAttributes (43ms)
				AfterProcessingInitializeOnLoad (0ms)
				EditorAssembliesLoaded (0ms)
			ExecutionOrderSort2 (0ms)
			AwakeInstancesAfterBackupRestoration (0ms)
Platform modules already initialized, skipping
Registering precompiled user dll's ...
Registered in 0.011916 seconds.
Begin MonoManager ReloadAssembly
Symbol file LoadedFromMemory doesn't match image C:\Users\ths27\RiderProjects\DashToGoal\Library\PackageCache\com.unity.visualscripting@1.7.8\Editor\VisualScripting.Core\Dependencies\YamlDotNet\Unity.VisualScripting.YamlDotNet.dll
Symbol file LoadedFromMemory doesn't match image C:\Users\ths27\RiderProjects\DashToGoal\Library\PackageCache\com.unity.visualscripting@1.7.8\Editor\VisualScripting.Core\Dependencies\DotNetZip\Unity.VisualScripting.IonicZip.dll
Native extension for WindowsStandalone target not found
Native extension for iOS target not found
Native extension for Android target not found
Refreshing native plugins compatible for Editor in 75.53 ms, found 4 plugins.
Preloading 0 native plugins for Editor in 0.00 ms.
Mono: successfully reloaded assembly
- Completed reload, in  1.116 seconds
Domain Reload Profiling:
	ReloadAssembly (1117ms)
		BeginReloadAssembly (219ms)
			ExecutionOrderSort (0ms)
			DisableScriptedObjects (7ms)
			BackupInstance (0ms)
			ReleaseScriptingObjects (0ms)
			CreateAndSetChildDomain (126ms)
		EndReloadAssembly (792ms)
			LoadAssemblies (94ms)
			RebuildTransferFunctionScriptingTraits (0ms)
			SetupTypeCache (204ms)
			ReleaseScriptCaches (1ms)
			RebuildScriptCaches (45ms)
			SetupLoadedEditorAssemblies (410ms)
				LogAssemblyErrors (0ms)
				InitializePlatformSupportModulesInManaged (20ms)
				SetLoadedEditorAssemblies (0ms)
				RefreshPlugins (76ms)
				BeforeProcessingInitializeOnLoad (89ms)
				ProcessInitializeOnLoadAttributes (175ms)
				ProcessInitializeOnLoadMethodAttributes (40ms)
				AfterProcessingInitializeOnLoad (9ms)
				EditorAssembliesLoaded (0ms)
			ExecutionOrderSort2 (0ms)
			AwakeInstancesAfterBackupRestoration (9ms)
Platform modules already initialized, skipping
========================================================================
Worker process is ready to serve import requests
Launched and connected shader compiler UnityShaderCompiler.exe after 0.06 seconds
Refreshing native plugins compatible for Editor in 1.02 ms, found 4 plugins.
Preloading 0 native plugins for Editor in 0.00 ms.
Unloading 4067 Unused Serialized files (Serialized files now loaded: 0)
Unloading 38 unused Assets / (55.2 KB). Loaded Objects now: 4525.
Memory consumption went from 155.6 MB to 155.6 MB.
Total: 10.308900 ms (FindLiveObjects: 0.308700 ms CreateObjectMapping: 0.118100 ms MarkObjects: 9.774900 ms  DeleteObjects: 0.105800 ms)

AssetImportParameters requested are different than current active one (requested -> active):
  custom:video-decoder-ogg-theora: a1e56fd34408186e4bbccfd4996cb3dc -> 
  custom:container-muxer-webm: aa71ff27fc2769a1b78a27578f13a17b -> 
  custom:container-demuxer-webm: 4f35f7cbe854078d1ac9338744f61a02 -> 
  custom:video-encoder-webm-vp8: eb34c28f22e8b96e1ab97ce403110664 -> 
  custom:audio-encoder-webm-vorbis: bf7c407c2cedff20999df2af8eb42d56 -> 
  custom:framework-win-MediaFoundation: 216162199b28c13a410421893ffa2e32 -> 
  custom:container-demuxer-ogg: 62fdf1f143b41e24485cea50d1cbac27 -> 
  custom:video-decoder-webm-vp8: 9c59270c3fd7afecdb556c50c9e8de78 -> 
  custom:audio-decoder-ogg-vorbis: bf7c407c2cedff20999df2af8eb42d56 -> 
========================================================================
Received Import Request.
  Time since last request: 866272.607599 seconds.
  path: Assets/Tiles/Grass/GrassTiles.prefab
  artifactKey: Guid(e51affcd43e506b4eb3ccc68e99f7481) Importer(815301076,1909f56bfc062723c751e8b465ee728b)
Start importing Assets/Tiles/Grass/GrassTiles.prefab using Guid(e51affcd43e506b4eb3ccc68e99f7481) Importer(815301076,1909f56bfc062723c751e8b465ee728b)  -> (artifact id: 'dabc7b8a8596157a661e794329dfde29') in 0.107009 seconds 
========================================================================
Received Import Request.
  Time since last request: 184.725993 seconds.
  path: Assets/sjh/Tile/GrassTiles_1.asset
  artifactKey: Guid(d4557418255ebf14793a43d242ad2a30) Importer(815301076,1909f56bfc062723c751e8b465ee728b)
Start importing Assets/sjh/Tile/GrassTiles_1.asset using Guid(d4557418255ebf14793a43d242ad2a30) Importer(815301076,1909f56bfc062723c751e8b465ee728b)  -> (artifact id: 'd5d596c640ba45449b13c92225c46669') in 0.020949 seconds 
========================================================================
Received Import Request.
  Time since last request: 0.000038 seconds.
  path: Assets/sjh/Tile/GrassTiles_12.asset
  artifactKey: Guid(853f50c87843b8e43890db62ff4d96f2) Importer(815301076,1909f56bfc062723c751e8b465ee728b)
Start importing Assets/sjh/Tile/GrassTiles_12.asset using Guid(853f50c87843b8e43890db62ff4d96f2) Importer(815301076,1909f56bfc062723c751e8b465ee728b)  -> (artifact id: '91b0b93798ad92c65ce49ce8b2ccf9c3') in 0.012063 seconds 
========================================================================
Received Import Request.
  Time since last request: 0.000065 seconds.
  path: Assets/sjh/Tile/GrassTiles_4.asset
  artifactKey: Guid(eedb688513e6d694580ce0185596f5df) Importer(815301076,1909f56bfc062723c751e8b465ee728b)
Start importing Assets/sjh/Tile/GrassTiles_4.asset using Guid(eedb688513e6d694580ce0185596f5df) Importer(815301076,1909f56bfc062723c751e8b465ee728b)  -> (artifact id: '3c76cfeb910cd5fd9c07ab7f438ee8bb') in 0.010626 seconds 
========================================================================
Received Import Request.
  Time since last request: 0.000051 seconds.
  path: Assets/sjh/Tile/GrassTiles_11.asset
  artifactKey: Guid(952513ea918aa674f9aac12869a5d824) Importer(815301076,1909f56bfc062723c751e8b465ee728b)
Start importing Assets/sjh/Tile/GrassTiles_11.asset using Guid(952513ea918aa674f9aac12869a5d824) Importer(815301076,1909f56bfc062723c751e8b465ee728b)  -> (artifact id: 'f121c743c00c2a98d0a039e335410d75') in 0.009677 seconds 
========================================================================
Received Import Request.
  Time since last request: 0.000058 seconds.
  path: Assets/sjh/Tile/GrassTiles_3.asset
  artifactKey: Guid(1c7fef75414cf3d46933c7e50e139588) Importer(815301076,1909f56bfc062723c751e8b465ee728b)
Start importing Assets/sjh/Tile/GrassTiles_3.asset using Guid(1c7fef75414cf3d46933c7e50e139588) Importer(815301076,1909f56bfc062723c751e8b465ee728b)  -> (artifact id: 'fa75f60af191552bffdd104d0deac843') in 0.009760 seconds 
========================================================================
Received Import Request.
  Time since last request: 0.000031 seconds.
  path: Assets/sjh/Tile/GrassTiles_23.asset
  artifactKey: Guid(95ffbb626165f0d489d3b9f8bc85255f) Importer(815301076,1909f56bfc062723c751e8b465ee728b)
Start importing Assets/sjh/Tile/GrassTiles_23.asset using Guid(95ffbb626165f0d489d3b9f8bc85255f) Importer(815301076,1909f56bfc062723c751e8b465ee728b)  -> (artifact id: 'da2a55eec7645eb4623768b3497e0b19') in 0.010596 seconds 
========================================================================
Received Import Request.
  Time since last request: 0.000030 seconds.
  path: Assets/sjh/Tile/GrassTiles_13.asset
  artifactKey: Guid(b66b47c470d96da4cab0afd99b7d9e63) Importer(815301076,1909f56bfc062723c751e8b465ee728b)
Start importing Assets/sjh/Tile/GrassTiles_13.asset using Guid(b66b47c470d96da4cab0afd99b7d9e63) Importer(815301076,1909f56bfc062723c751e8b465ee728b)  -> (artifact id: '61bede041e6c4c77a190a2337940c626') in 0.009172 seconds 
========================================================================
Received Import Request.
  Time since last request: 0.000034 seconds.
  path: Assets/sjh/Tile/GrassTiles_19.asset
  artifactKey: Guid(78ef08e038c958740accacd5caea2fd8) Importer(815301076,1909f56bfc062723c751e8b465ee728b)
Start importing Assets/sjh/Tile/GrassTiles_19.asset using Guid(78ef08e038c958740accacd5caea2fd8) Importer(815301076,1909f56bfc062723c751e8b465ee728b)  -> (artifact id: '131c7e29e88945f265c9a171f3e05a61') in 0.009694 seconds 
========================================================================
Received Import Request.
  Time since last request: 0.000030 seconds.
  path: Assets/sjh/Tile/GrassTiles_15.asset
  artifactKey: Guid(fe174a7b872e78948a8550c8e774800d) Importer(815301076,1909f56bfc062723c751e8b465ee728b)
Start importing Assets/sjh/Tile/GrassTiles_15.asset using Guid(fe174a7b872e78948a8550c8e774800d) Importer(815301076,1909f56bfc062723c751e8b465ee728b)  -> (artifact id: 'a41330641ba3ff983318de4da5909e59') in 0.008899 seconds 
========================================================================
Received Import Request.
  Time since last request: 0.000024 seconds.
  path: Assets/sjh/Tile/GrassTiles_27.asset
  artifactKey: Guid(b080b989ee8efb747a4ef1dd068ae951) Importer(815301076,1909f56bfc062723c751e8b465ee728b)
Start importing Assets/sjh/Tile/GrassTiles_27.asset using Guid(b080b989ee8efb747a4ef1dd068ae951) Importer(815301076,1909f56bfc062723c751e8b465ee728b)  -> (artifact id: 'fda9f26d192b3641797e2bdf890be5fb') in 0.008001 seconds 
========================================================================
Received Import Request.
  Time since last request: 0.000029 seconds.
  path: Assets/sjh/Tile/GrassTiles_18.asset
  artifactKey: Guid(09a1c2ba444a20449b25bbffbd3f630b) Importer(815301076,1909f56bfc062723c751e8b465ee728b)
Start importing Assets/sjh/Tile/GrassTiles_18.asset using Guid(09a1c2ba444a20449b25bbffbd3f630b) Importer(815301076,1909f56bfc062723c751e8b465ee728b)  -> (artifact id: 'cb9a8a2d392bbfcf993147732eff61a6') in 0.018586 seconds 
========================================================================
Received Import Request.
  Time since last request: 0.000064 seconds.
  path: Assets/sjh/Tile/GrassTiles_14.asset
  artifactKey: Guid(2aae7426a6783284093c12822590f5cc) Importer(815301076,1909f56bfc062723c751e8b465ee728b)
Start importing Assets/sjh/Tile/GrassTiles_14.asset using Guid(2aae7426a6783284093c12822590f5cc) Importer(815301076,1909f56bfc062723c751e8b465ee728b)  -> (artifact id: 'bf4147941bc0bd86b3268fb4b5252f51') in 0.012580 seconds 
========================================================================
Received Import Request.
  Time since last request: 0.000030 seconds.
  path: Assets/sjh/Tile/GrassTiles_26.asset
  artifactKey: Guid(46e5283c4d6c7654db6851bb6cbb60b3) Importer(815301076,1909f56bfc062723c751e8b465ee728b)
Start importing Assets/sjh/Tile/GrassTiles_26.asset using Guid(46e5283c4d6c7654db6851bb6cbb60b3) Importer(815301076,1909f56bfc062723c751e8b465ee728b)  -> (artifact id: '90fb8c27f7ae0a9f699bdb4d709842e8') in 0.015372 seconds 
========================================================================
Received Import Request.
  Time since last request: 0.000032 seconds.
  path: Assets/sjh/Tile/GrassTiles_2.asset
  artifactKey: Guid(9cbd7fb7f15d20749a585c9848df441c) Importer(815301076,1909f56bfc062723c751e8b465ee728b)
Start importing Assets/sjh/Tile/GrassTiles_2.asset using Guid(9cbd7fb7f15d20749a585c9848df441c) Importer(815301076,1909f56bfc062723c751e8b465ee728b)  -> (artifact id: 'bb6c362ddfb9c26d6cf8fc80b693dda9') in 0.009795 seconds 
========================================================================
Received Import Request.
  Time since last request: 0.681481 seconds.
  path: Assets/sjh/Tile/GrassTiles_30.asset
  artifactKey: Guid(5140907c98fe67b408f542e292c4f75a) Importer(815301076,1909f56bfc062723c751e8b465ee728b)
Start importing Assets/sjh/Tile/GrassTiles_30.asset using Guid(5140907c98fe67b408f542e292c4f75a) Importer(815301076,1909f56bfc062723c751e8b465ee728b)  -> (artifact id: '8897a9cd9315373e304ba34e9bb2ce9c') in 0.010307 seconds 
Editor requested this worker to shutdown with reason: Scaling down because of idle timeout
AssetImportWorker is now disconnected from the server
Process exiting
Exiting without the bug reporter. Application will terminate with return code 0