Using pre-set license
Built from '2021.3/staging' branch; Version is '2021.3.8f1 (b30333d56e81) revision 11731763'; Using compiler version '192829333'; Build Type 'Release'
OS: 'Windows 10  (10.0.19043) 64bit Professional' Language: 'ko' Physical Memory: 15724 MB
BatchMode: 1, IsHumanControllingUs: 0, StartBugReporterOnCrash: 0, Is64bit: 1, IsPro: 1

COMMAND LINE ARGUMENTS:
C:\Program Files\2021.3.8f1\Editor\Unity.exe
-adb2
-batchMode
-noUpm
-name
AssetImportWorker2
-projectPath
C:/Users/ths27/RiderProjects/DashToGoal
-logFile
Logs/AssetImportWorker2.log
-srvPort
54452
Successfully changed project path to: C:/Users/ths27/RiderProjects/DashToGoal
C:/Users/ths27/RiderProjects/DashToGoal
[UnityMemory] Configuration Parameters - Can be set up in boot.config
    "memorysetup-bucket-allocator-granularity=16"
    "memorysetup-bucket-allocator-bucket-count=8"
    "memorysetup-bucket-allocator-block-size=33554432"
    "memorysetup-bucket-allocator-block-count=8"
    "memorysetup-main-allocator-block-size=16777216"
    "memorysetup-thread-allocator-block-size=16777216"
    "memorysetup-gfx-main-allocator-block-size=16777216"
    "memorysetup-gfx-thread-allocator-block-size=16777216"
    "memorysetup-cache-allocator-block-size=4194304"
    "memorysetup-typetree-allocator-block-size=2097152"
    "memorysetup-profiler-bucket-allocator-granularity=16"
    "memorysetup-profiler-bucket-allocator-bucket-count=8"
    "memorysetup-profiler-bucket-allocator-block-size=33554432"
    "memorysetup-profiler-bucket-allocator-block-count=8"
    "memorysetup-profiler-allocator-block-size=16777216"
    "memorysetup-profiler-editor-allocator-block-size=1048576"
    "memorysetup-temp-allocator-size-main=16777216"
    "memorysetup-job-temp-allocator-block-size=2097152"
    "memorysetup-job-temp-allocator-block-size-background=1048576"
    "memorysetup-job-temp-allocator-reduction-small-platforms=262144"
    "memorysetup-temp-allocator-size-background-worker=32768"
    "memorysetup-temp-allocator-size-job-worker=262144"
    "memorysetup-temp-allocator-size-preload-manager=33554432"
    "memorysetup-temp-allocator-size-nav-mesh-worker=65536"
    "memorysetup-temp-allocator-size-audio-worker=65536"
    "memorysetup-temp-allocator-size-cloud-worker=32768"
    "memorysetup-temp-allocator-size-gi-baking-worker=262144"
    "memorysetup-temp-allocator-size-gfx=262144"
Refreshing native plugins compatible for Editor in 125.36 ms, found 4 plugins.
Preloading 0 native plugins for Editor in 0.00 ms.
Initialize engine version: 2021.3.8f1 (b30333d56e81)
[Subsystems] Discovering subsystems at path C:/Program Files/2021.3.8f1/Editor/Data/Resources/UnitySubsystems
[Subsystems] Discovering subsystems at path C:/Users/ths27/RiderProjects/DashToGoal/Assets
GfxDevice: creating device client; threaded=0; jobified=0
Direct3D:
    Version:  Direct3D 11.0 [level 11.1]
    Renderer: NVIDIA GeForce RTX 3070 Laptop GPU (ID=0x249d)
    Vendor:   NVIDIA
    VRAM:     8044 MB
    Driver:   30.0.15.1274
Initialize mono
Mono path[0] = 'C:/Program Files/2021.3.8f1/Editor/Data/Managed'
Mono path[1] = 'C:/Program Files/2021.3.8f1/Editor/Data/MonoBleedingEdge/lib/mono/unityjit-win32'
Mono config path = 'C:/Program Files/2021.3.8f1/Editor/Data/MonoBleedingEdge/etc'
Using monoOptions --debugger-agent=transport=dt_socket,embedding=1,server=y,suspend=n,address=127.0.0.1:56396
Begin MonoManager ReloadAssembly
Registering precompiled unity dll's ...
Register platform support module: C:/Program Files/2021.3.8f1/Editor/Data/PlaybackEngines/AndroidPlayer/UnityEditor.Android.Extensions.dll
Register platform support module: C:/Program Files/2021.3.8f1/Editor/Data/PlaybackEngines/iOSSupport/UnityEditor.iOS.Extensions.dll
Register platform support module: C:/Program Files/2021.3.8f1/Editor/Data/PlaybackEngines/WindowsStandaloneSupport/UnityEditor.WindowsStandalone.Extensions.dll
Registered in 0.008266 seconds.
Native extension for WindowsStandalone target not found
[usbmuxd] Start listen thread
[usbmuxd] Listen thread started
Native extension for iOS target not found
Native extension for Android target not found
Refreshing native plugins compatible for Editor in 95.38 ms, found 4 plugins.
Preloading 0 native plugins for Editor in 0.00 ms.
Mono: successfully reloaded assembly
- Completed reload, in  0.723 seconds
Domain Reload Profiling:
	ReloadAssembly (724ms)
		BeginReloadAssembly (87ms)
			ExecutionOrderSort (0ms)
			DisableScriptedObjects (0ms)
			BackupInstance (0ms)
			ReleaseScriptingObjects (0ms)
			CreateAndSetChildDomain (1ms)
		EndReloadAssembly (519ms)
			LoadAssemblies (85ms)
			RebuildTransferFunctionScriptingTraits (0ms)
			SetupTypeCache (116ms)
			ReleaseScriptCaches (0ms)
			RebuildScriptCaches (30ms)
			SetupLoadedEditorAssemblies (316ms)
				LogAssemblyErrors (0ms)
				InitializePlatformSupportModulesInManaged (70ms)
				SetLoadedEditorAssemblies (0ms)
				RefreshPlugins (95ms)
				BeforeProcessingInitializeOnLoad (1ms)
				ProcessInitializeOnLoadAttributes (99ms)
				ProcessInitializeOnLoadMethodAttributes (50ms)
				AfterProcessingInitializeOnLoad (0ms)
				EditorAssembliesLoaded (0ms)
			ExecutionOrderSort2 (0ms)
			AwakeInstancesAfterBackupRestoration (0ms)
Platform modules already initialized, skipping
Registering precompiled user dll's ...
Registered in 0.012084 seconds.
Begin MonoManager ReloadAssembly
Symbol file LoadedFromMemory doesn't match image C:\Users\ths27\RiderProjects\DashToGoal\Library\PackageCache\com.unity.visualscripting@1.7.8\Editor\VisualScripting.Core\Dependencies\YamlDotNet\Unity.VisualScripting.YamlDotNet.dll
Symbol file LoadedFromMemory doesn't match image C:\Users\ths27\RiderProjects\DashToGoal\Library\PackageCache\com.unity.visualscripting@1.7.8\Editor\VisualScripting.Core\Dependencies\DotNetZip\Unity.VisualScripting.IonicZip.dll
Native extension for WindowsStandalone target not found
Native extension for iOS target not found
Native extension for Android target not found
Refreshing native plugins compatible for Editor in 85.64 ms, found 4 plugins.
Preloading 0 native plugins for Editor in 0.00 ms.
Mono: successfully reloaded assembly
- Completed reload, in  1.235 seconds
Domain Reload Profiling:
	ReloadAssembly (1236ms)
		BeginReloadAssembly (222ms)
			ExecutionOrderSort (0ms)
			DisableScriptedObjects (5ms)
			BackupInstance (0ms)
			ReleaseScriptingObjects (0ms)
			CreateAndSetChildDomain (131ms)
		EndReloadAssembly (895ms)
			LoadAssemblies (99ms)
			RebuildTransferFunctionScriptingTraits (0ms)
			SetupTypeCache (219ms)
			ReleaseScriptCaches (1ms)
			RebuildScriptCaches (51ms)
			SetupLoadedEditorAssemblies (473ms)
				LogAssemblyErrors (0ms)
				InitializePlatformSupportModulesInManaged (23ms)
				SetLoadedEditorAssemblies (0ms)
				RefreshPlugins (86ms)
				BeforeProcessingInitializeOnLoad (101ms)
				ProcessInitializeOnLoadAttributes (211ms)
				ProcessInitializeOnLoadMethodAttributes (41ms)
				AfterProcessingInitializeOnLoad (10ms)
				EditorAssembliesLoaded (0ms)
			ExecutionOrderSort2 (0ms)
			AwakeInstancesAfterBackupRestoration (10ms)
Platform modules already initialized, skipping
========================================================================
Worker process is ready to serve import requests
Launched and connected shader compiler UnityShaderCompiler.exe after 0.04 seconds
Refreshing native plugins compatible for Editor in 1.09 ms, found 4 plugins.
Preloading 0 native plugins for Editor in 0.00 ms.
Unloading 4067 Unused Serialized files (Serialized files now loaded: 0)
Unloading 38 unused Assets / (55.7 KB). Loaded Objects now: 4525.
Memory consumption went from 155.7 MB to 155.6 MB.
Total: 3.423500 ms (FindLiveObjects: 0.333800 ms CreateObjectMapping: 0.143700 ms MarkObjects: 2.856800 ms  DeleteObjects: 0.088000 ms)

AssetImportParameters requested are different than current active one (requested -> active):
  custom:video-decoder-ogg-theora: a1e56fd34408186e4bbccfd4996cb3dc -> 
  custom:container-muxer-webm: aa71ff27fc2769a1b78a27578f13a17b -> 
  custom:container-demuxer-webm: 4f35f7cbe854078d1ac9338744f61a02 -> 
  custom:video-encoder-webm-vp8: eb34c28f22e8b96e1ab97ce403110664 -> 
  custom:audio-encoder-webm-vorbis: bf7c407c2cedff20999df2af8eb42d56 -> 
  custom:framework-win-MediaFoundation: 216162199b28c13a410421893ffa2e32 -> 
  custom:container-demuxer-ogg: 62fdf1f143b41e24485cea50d1cbac27 -> 
  custom:video-decoder-webm-vp8: 9c59270c3fd7afecdb556c50c9e8de78 -> 
  custom:audio-decoder-ogg-vorbis: bf7c407c2cedff20999df2af8eb42d56 -> 
========================================================================
Received Import Request.
  Time since last request: 866553.617725 seconds.
  path: Assets/Scenes/SampleScene.unity
  artifactKey: Guid(2cda990e2423bbf4892e6590ba056729) Importer(815301076,1909f56bfc062723c751e8b465ee728b)
Start importing Assets/Scenes/SampleScene.unity using Guid(2cda990e2423bbf4892e6590ba056729) Importer(815301076,1909f56bfc062723c751e8b465ee728b)  -> (artifact id: 'ed1ec584b86adc936d786dcf072fa9c6') in 0.009410 seconds 
========================================================================
Received Import Request.
  Time since last request: 115.937212 seconds.
  path: Assets/Tiles/Grass/GrassTiles.prefab
  artifactKey: Guid(e51affcd43e506b4eb3ccc68e99f7481) Importer(815301076,1909f56bfc062723c751e8b465ee728b)
Start importing Assets/Tiles/Grass/GrassTiles.prefab using Guid(e51affcd43e506b4eb3ccc68e99f7481) Importer(815301076,1909f56bfc062723c751e8b465ee728b)  -> (artifact id: 'b71a9786b389c340948c6dd36a694deb') in 0.114906 seconds 
========================================================================
Received Import Request.
  Time since last request: 7.305021 seconds.
  path: Assets/Tiles/Grass/GrassTiles.prefab
  artifactKey: Guid(e51affcd43e506b4eb3ccc68e99f7481) Importer(815301076,1909f56bfc062723c751e8b465ee728b)
Start importing Assets/Tiles/Grass/GrassTiles.prefab using Guid(e51affcd43e506b4eb3ccc68e99f7481) Importer(815301076,1909f56bfc062723c751e8b465ee728b)  -> (artifact id: 'cfae492f8fc3ee18542aebfed2d6c642') in 0.029717 seconds 
========================================================================
Received Import Request.
  Time since last request: 2.203188 seconds.
  path: Assets/Tiles/Grass/GrassTiles.prefab
  artifactKey: Guid(e51affcd43e506b4eb3ccc68e99f7481) Importer(815301076,1909f56bfc062723c751e8b465ee728b)
Start importing Assets/Tiles/Grass/GrassTiles.prefab using Guid(e51affcd43e506b4eb3ccc68e99f7481) Importer(815301076,1909f56bfc062723c751e8b465ee728b)  -> (artifact id: '7107c67dc3f5993e2bf531c171291dba') in 0.028327 seconds 
========================================================================
Received Import Request.
  Time since last request: 9.887428 seconds.
  path: Assets/Tiles/Grass/GrassTiles.png
  artifactKey: Guid(97ef56f519b140e48899f40cf2c60e1c) Importer(815301076,1909f56bfc062723c751e8b465ee728b)
Start importing Assets/Tiles/Grass/GrassTiles.png using Guid(97ef56f519b140e48899f40cf2c60e1c) Importer(815301076,1909f56bfc062723c751e8b465ee728b)  -> (artifact id: 'cf6b4c3cd99f3be5e06f2dae9f55bfc1') in 0.111593 seconds 
========================================================================
Received Import Request.
  Time since last request: 265.281189 seconds.
  path: Assets/Player/Player_Dummy.png
  artifactKey: Guid(df0312cfd6cc4ad4fbbdbfbf1478cbaf) Importer(815301076,1909f56bfc062723c751e8b465ee728b)
Start importing Assets/Player/Player_Dummy.png using Guid(df0312cfd6cc4ad4fbbdbfbf1478cbaf) Importer(815301076,1909f56bfc062723c751e8b465ee728b)  -> (artifact id: 'ee6db86a7c2a9a66ab3f15a3a71b3865') in 0.011373 seconds 
========================================================================
Received Import Request.
  Time since last request: 10.981168 seconds.
  path: Assets/Player/Player_Dummy.png
  artifactKey: Guid(df0312cfd6cc4ad4fbbdbfbf1478cbaf) Importer(815301076,1909f56bfc062723c751e8b465ee728b)
Start importing Assets/Player/Player_Dummy.png using Guid(df0312cfd6cc4ad4fbbdbfbf1478cbaf) Importer(815301076,1909f56bfc062723c751e8b465ee728b)  -> (artifact id: '006369f3aec6aa4d2e2d97ffa5218984') in 0.014797 seconds 
========================================================================
Received Import Request.
  Time since last request: 28.427908 seconds.
  path: Assets/sjh/Tile/GrassTiles_0.asset
  artifactKey: Guid(6b1d7071ed5a28648bce495c7264577d) Importer(815301076,1909f56bfc062723c751e8b465ee728b)
Start importing Assets/sjh/Tile/GrassTiles_0.asset using Guid(6b1d7071ed5a28648bce495c7264577d) Importer(815301076,1909f56bfc062723c751e8b465ee728b)  -> (artifact id: 'f32db8b33e06a68e8ddf827374ef3e7f') in 0.013915 seconds 
========================================================================
Received Import Request.
  Time since last request: 0.000049 seconds.
  path: Assets/sjh/Tile/GrassTiles_12.asset
  artifactKey: Guid(853f50c87843b8e43890db62ff4d96f2) Importer(815301076,1909f56bfc062723c751e8b465ee728b)
Start importing Assets/sjh/Tile/GrassTiles_12.asset using Guid(853f50c87843b8e43890db62ff4d96f2) Importer(815301076,1909f56bfc062723c751e8b465ee728b)  -> (artifact id: '0d72717a3d73c225c27fcaca1d83fcc8') in 0.008115 seconds 
========================================================================
Received Import Request.
  Time since last request: 0.000052 seconds.
  path: Assets/sjh/Tile/GrassTiles_4.asset
  artifactKey: Guid(eedb688513e6d694580ce0185596f5df) Importer(815301076,1909f56bfc062723c751e8b465ee728b)
Start importing Assets/sjh/Tile/GrassTiles_4.asset using Guid(eedb688513e6d694580ce0185596f5df) Importer(815301076,1909f56bfc062723c751e8b465ee728b)  -> (artifact id: '2a483b6aab9722c421ae1a98dbc89ce3') in 0.011066 seconds 
========================================================================
Received Import Request.
  Time since last request: 0.000033 seconds.
  path: Assets/sjh/Tile/GrassTiles_11.asset
  artifactKey: Guid(952513ea918aa674f9aac12869a5d824) Importer(815301076,1909f56bfc062723c751e8b465ee728b)
Start importing Assets/sjh/Tile/GrassTiles_11.asset using Guid(952513ea918aa674f9aac12869a5d824) Importer(815301076,1909f56bfc062723c751e8b465ee728b)  -> (artifact id: '55cebb6b916d942b4bc88d0539fd9156') in 0.008201 seconds 
========================================================================
Received Import Request.
  Time since last request: 0.000019 seconds.
  path: Assets/sjh/Tile/GrassTiles_3.asset
  artifactKey: Guid(1c7fef75414cf3d46933c7e50e139588) Importer(815301076,1909f56bfc062723c751e8b465ee728b)
Start importing Assets/sjh/Tile/GrassTiles_3.asset using Guid(1c7fef75414cf3d46933c7e50e139588) Importer(815301076,1909f56bfc062723c751e8b465ee728b)  -> (artifact id: '0f191f52855fae87c38a15f294ad8ceb') in 0.009428 seconds 
========================================================================
Received Import Request.
  Time since last request: 0.000043 seconds.
  path: Assets/sjh/Tile/GrassTiles_23.asset
  artifactKey: Guid(95ffbb626165f0d489d3b9f8bc85255f) Importer(815301076,1909f56bfc062723c751e8b465ee728b)
Start importing Assets/sjh/Tile/GrassTiles_23.asset using Guid(95ffbb626165f0d489d3b9f8bc85255f) Importer(815301076,1909f56bfc062723c751e8b465ee728b)  -> (artifact id: '9e1c4c1a6ef1a040b2901390fe8d3abb') in 0.009253 seconds 
========================================================================
Received Import Request.
  Time since last request: 0.000025 seconds.
  path: Assets/sjh/Tile/GrassTiles_13.asset
  artifactKey: Guid(b66b47c470d96da4cab0afd99b7d9e63) Importer(815301076,1909f56bfc062723c751e8b465ee728b)
Start importing Assets/sjh/Tile/GrassTiles_13.asset using Guid(b66b47c470d96da4cab0afd99b7d9e63) Importer(815301076,1909f56bfc062723c751e8b465ee728b)  -> (artifact id: '6f0fe8ec2e51d0147e0bc8cbeba73a95') in 0.012544 seconds 
========================================================================
Received Import Request.
  Time since last request: 0.000019 seconds.
  path: Assets/sjh/Tile/GrassTiles_19.asset
  artifactKey: Guid(78ef08e038c958740accacd5caea2fd8) Importer(815301076,1909f56bfc062723c751e8b465ee728b)
Start importing Assets/sjh/Tile/GrassTiles_19.asset using Guid(78ef08e038c958740accacd5caea2fd8) Importer(815301076,1909f56bfc062723c751e8b465ee728b)  -> (artifact id: '067bce2f978f51671731b68c8377e662') in 0.010295 seconds 
========================================================================
Received Import Request.
  Time since last request: 0.000040 seconds.
  path: Assets/sjh/Tile/GrassTiles_15.asset
  artifactKey: Guid(fe174a7b872e78948a8550c8e774800d) Importer(815301076,1909f56bfc062723c751e8b465ee728b)
Start importing Assets/sjh/Tile/GrassTiles_15.asset using Guid(fe174a7b872e78948a8550c8e774800d) Importer(815301076,1909f56bfc062723c751e8b465ee728b)  -> (artifact id: '6f17be8109137a75a584c1a4e638d3ac') in 0.008999 seconds 
========================================================================
Received Import Request.
  Time since last request: 0.000027 seconds.
  path: Assets/sjh/Tile/GrassTiles_27.asset
  artifactKey: Guid(b080b989ee8efb747a4ef1dd068ae951) Importer(815301076,1909f56bfc062723c751e8b465ee728b)
Start importing Assets/sjh/Tile/GrassTiles_27.asset using Guid(b080b989ee8efb747a4ef1dd068ae951) Importer(815301076,1909f56bfc062723c751e8b465ee728b)  -> (artifact id: 'ae40a9b91b8c4a0fd2218f5536f4af4d') in 0.007713 seconds 
========================================================================
Received Import Request.
  Time since last request: 0.000018 seconds.
  path: Assets/sjh/Tile/GrassTiles_18.asset
  artifactKey: Guid(09a1c2ba444a20449b25bbffbd3f630b) Importer(815301076,1909f56bfc062723c751e8b465ee728b)
Start importing Assets/sjh/Tile/GrassTiles_18.asset using Guid(09a1c2ba444a20449b25bbffbd3f630b) Importer(815301076,1909f56bfc062723c751e8b465ee728b)  -> (artifact id: '738faf80755351a3d1b9764846ea5c39') in 0.008191 seconds 
========================================================================
Received Import Request.
  Time since last request: 0.000021 seconds.
  path: Assets/sjh/Tile/GrassTiles_14.asset
  artifactKey: Guid(2aae7426a6783284093c12822590f5cc) Importer(815301076,1909f56bfc062723c751e8b465ee728b)
Start importing Assets/sjh/Tile/GrassTiles_14.asset using Guid(2aae7426a6783284093c12822590f5cc) Importer(815301076,1909f56bfc062723c751e8b465ee728b)  -> (artifact id: '9f336ce16704e7e467d47171a9b4fa0b') in 0.008514 seconds 
========================================================================
Received Import Request.
  Time since last request: 0.000037 seconds.
  path: Assets/sjh/Tile/GrassTiles_26.asset
  artifactKey: Guid(46e5283c4d6c7654db6851bb6cbb60b3) Importer(815301076,1909f56bfc062723c751e8b465ee728b)
Start importing Assets/sjh/Tile/GrassTiles_26.asset using Guid(46e5283c4d6c7654db6851bb6cbb60b3) Importer(815301076,1909f56bfc062723c751e8b465ee728b)  -> (artifact id: '83db61174fd5c01c41797ab461f4fdf0') in 0.009010 seconds 
========================================================================
Received Import Request.
  Time since last request: 0.000032 seconds.
  path: Assets/sjh/Tile/GrassTiles_2.asset
  artifactKey: Guid(9cbd7fb7f15d20749a585c9848df441c) Importer(815301076,1909f56bfc062723c751e8b465ee728b)
Start importing Assets/sjh/Tile/GrassTiles_2.asset using Guid(9cbd7fb7f15d20749a585c9848df441c) Importer(815301076,1909f56bfc062723c751e8b465ee728b)  -> (artifact id: 'ed369bfe5e9ae1904da6efcf2e195a2e') in 0.007648 seconds 
========================================================================
Received Prepare
Registering precompiled user dll's ...
Registered in 0.012906 seconds.
Begin MonoManager ReloadAssembly
Symbol file LoadedFromMemory doesn't match image C:\Users\ths27\RiderProjects\DashToGoal\Library\PackageCache\com.unity.visualscripting@1.7.8\Editor\VisualScripting.Core\Dependencies\YamlDotNet\Unity.VisualScripting.YamlDotNet.dll
Symbol file LoadedFromMemory doesn't match image C:\Users\ths27\RiderProjects\DashToGoal\Library\PackageCache\com.unity.visualscripting@1.7.8\Editor\VisualScripting.Core\Dependencies\DotNetZip\Unity.VisualScripting.IonicZip.dll
Native extension for WindowsStandalone target not found
Native extension for iOS target not found
Native extension for Android target not found
Refreshing native plugins compatible for Editor in 1.32 ms, found 4 plugins.
Preloading 0 native plugins for Editor in 0.00 ms.
Mono: successfully reloaded assembly
- Completed reload, in  1.067 seconds
Domain Reload Profiling:
	ReloadAssembly (1068ms)
		BeginReloadAssembly (141ms)
			ExecutionOrderSort (0ms)
			DisableScriptedObjects (5ms)
			BackupInstance (0ms)
			ReleaseScriptingObjects (0ms)
			CreateAndSetChildDomain (40ms)
		EndReloadAssembly (825ms)
			LoadAssemblies (112ms)
			RebuildTransferFunctionScriptingTraits (0ms)
			SetupTypeCache (254ms)
			ReleaseScriptCaches (2ms)
			RebuildScriptCaches (53ms)
			SetupLoadedEditorAssemblies (346ms)
				LogAssemblyErrors (0ms)
				InitializePlatformSupportModulesInManaged (33ms)
				SetLoadedEditorAssemblies (0ms)
				RefreshPlugins (1ms)
				BeforeProcessingInitializeOnLoad (82ms)
				ProcessInitializeOnLoadAttributes (177ms)
				ProcessInitializeOnLoadMethodAttributes (42ms)
				AfterProcessingInitializeOnLoad (10ms)
				EditorAssembliesLoaded (0ms)
			ExecutionOrderSort2 (0ms)
			AwakeInstancesAfterBackupRestoration (13ms)
Platform modules already initialized, skipping
Refreshing native plugins compatible for Editor in 4.11 ms, found 4 plugins.
Preloading 0 native plugins for Editor in 0.00 ms.
Unloading 4056 Unused Serialized files (Serialized files now loaded: 0)
Unloading 25 unused Assets / (24.7 KB). Loaded Objects now: 4542.
Memory consumption went from 159.5 MB to 159.4 MB.
Total: 4.085400 ms (FindLiveObjects: 0.488200 ms CreateObjectMapping: 0.371800 ms MarkObjects: 3.196000 ms  DeleteObjects: 0.028400 ms)

AssetImportParameters requested are different than current active one (requested -> active):
  custom:video-decoder-ogg-theora: a1e56fd34408186e4bbccfd4996cb3dc -> 
  custom:container-muxer-webm: aa71ff27fc2769a1b78a27578f13a17b -> 
  custom:container-demuxer-webm: 4f35f7cbe854078d1ac9338744f61a02 -> 
  custom:video-encoder-webm-vp8: eb34c28f22e8b96e1ab97ce403110664 -> 
  custom:audio-encoder-webm-vorbis: bf7c407c2cedff20999df2af8eb42d56 -> 
  custom:framework-win-MediaFoundation: 216162199b28c13a410421893ffa2e32 -> 
  custom:container-demuxer-ogg: 62fdf1f143b41e24485cea50d1cbac27 -> 
  custom:video-decoder-webm-vp8: 9c59270c3fd7afecdb556c50c9e8de78 -> 
  custom:audio-decoder-ogg-vorbis: bf7c407c2cedff20999df2af8eb42d56 -> 
Editor requested this worker to shutdown with reason: Scaling down because of idle timeout
AssetImportWorker is now disconnected from the server
Process exiting
Exiting without the bug reporter. Application will terminate with return code 0